Arguments: 
  C:\Program Files\nodejs\node.exe C:\Users\Phuoc_Thanh\AppData\Roaming\npm\node_modules\yarn\bin\yarn.js add @Font-Awsome/Font-Awsome

PATH: 
  F:\CODE\web\iot_Layout\node_modules\.bin;C:\Users\Phuoc_Thanh\AppData\Local\Yarn\Data\link\node_modules\.bin;F:\CODE\web\iot_Layout\node_modules\.bin;C:\Users\Phuoc_Thanh\AppData\Local\Yarn\Data\link\node_modules\.bin;C:\Users\Phuoc_Thanh\AppData\Local\Yarn\bin;C:\Program Files\libexec\lib\node_modules\npm\bin\node-gyp-bin;C:\Program Files\lib\node_modules\npm\bin\node-gyp-bin;C:\Program Files\nodejs\node_modules\npm\bin\node-gyp-bin;C:\Program Files\Git\mingw64\bin;C:\Program Files\Git\usr\bin;C:\Users\Phuoc_Thanh\bin;C:\Program Files (x86)\Common Files\Intel\Shared Files\cpp\bin\Intel64;C:\ProgramData\Oracle\Java\javapath;C:\WINDOWS\system32;C:\WINDOWS;C:\WINDOWS\System32\Wbem;C:\WINDOWS\System32\WindowsPowerShell\v1.0;C:\Program Files\Microsoft\Web Platform Installer;C:\Program Files (x86)\Microsoft ASP.NET\ASP.NET Web Pages\v1.0;C:\Program Files\Microsoft SQL Server\110\Tools\Binn;C:\Program Files\dotnet;C:\Program Files (x86)\Microsoft SQL Server\110\Tools\Binn;C:\Program Files\Microsoft SQL Server\110\DTS\Binn;C:\Program Files\nodejs;C:\Program Files\Git\cmd;C:\Users\Phuoc_Thanh\AppData\Local\Programs\Python\Python36-32\Scripts;C:\Users\Phuoc_Thanh\AppData\Local\Programs\Python\Python36-32;C:\Program Files\Java\jdk1.8.0_144\bin;%DASHLANE_DLL_DIR%;C:\Users\Phuoc_Thanh\AppData\Local\Microsoft\WindowsApps;C:\Program Files\Microsoft VS Code\bin;C:\Users\Phuoc_Thanh\AppData\Roaming\npm

Yarn version: 
  1.6.0

Node version: 
  8.11.1

Platform: 
  win32 x64

Trace: 
  Error: https://registry.yarnpkg.com/@Font-Awsome%2fFont-Awsome: Not found
      at Request.params.callback [as _callback] (C:\Users\Phuoc_Thanh\AppData\Roaming\npm\node_modules\yarn\lib\cli.js:65327:18)
      at Request.self.callback (C:\Users\Phuoc_Thanh\AppData\Roaming\npm\node_modules\yarn\lib\cli.js:133155:22)
      at emitTwo (events.js:126:13)
      at Request.emit (events.js:214:7)
      at Request.<anonymous> (C:\Users\Phuoc_Thanh\AppData\Roaming\npm\node_modules\yarn\lib\cli.js:134138:10)
      at emitOne (events.js:116:13)
      at Request.emit (events.js:211:7)
      at IncomingMessage.<anonymous> (C:\Users\Phuoc_Thanh\AppData\Roaming\npm\node_modules\yarn\lib\cli.js:134058:12)
      at Object.onceWrapper (events.js:313:30)
      at emitNone (events.js:111:20)

npm manifest: 
  {
    "name": "iot_layout",
    "version": "1.0.0",
    "description": "",
    "main": "index.js",
    "scripts": {
      "start": "parcel index.html",
      "build": "babel src -d lib",
      "test": "echo \"Error: no test specified\" && exit 1"
    },
    "author": "",
    "license": "ISC",
    "dependencies": {
      "font-awesome": "^4.7.0",
      "normalize.css": "^8.0.0"
    }
  }

yarn manifest: 
  No manifest

Lockfile: 
  # THIS IS AN AUTOGENERATED FILE. DO NOT EDIT THIS FILE DIRECTLY.
  # yarn lockfile v1
